<?xml version="1.0" encoding="UTF-8"?>
<testsuite xmlns:xsi="http://www.w3.org/2001/XMLSchema-instance" xsi:noNamespaceSchemaLocation="https://maven.apache.org/surefire/maven-surefire-plugin/xsd/surefire-test-report.xsd" name="CalculatorTest" time="0.034" tests="4" errors="0" skipped="0" failures="0">
  <properties>
[...]
</properties>
  <testcase name="CalculatorTest.testSum" classname="CalculatorTest" time="0.002"/>
  <testcase name="CalculatorTest.testSubstract" classname="CalculatorTest" time="0"/>
  <testcase name="CalculatorTest.testMulty" classname="CalculatorTest" time="0"/>
  <testcase name="CalculatorTest.testDivide" classname="CalculatorTest" time="0"/>
</testsuite>